This file contains any messages produced by compilers while
running configure, to aid debugging if configure makes a mistake.

It was created by configure, which was
generated by GNU Autoconf 2.61.  Invocation command line was

  $ ./configure 

## --------- ##
## Platform. ##
## --------- ##

hostname = debxo-d06ec
uname -m = i586
uname -r = 2.6.25.15
uname -s = Linux
uname -v = #165 Tue Nov 18 01:57:04 EST 2008

/usr/bin/uname -p = unknown
/bin/uname -X     = unknown

/bin/arch              = unknown
/usr/bin/arch -k       = unknown
/usr/convex/getsysinfo = unknown
/usr/bin/hostinfo      = unknown
/bin/machine           = unknown
/usr/bin/oslevel       = unknown
/bin/universe          = unknown

PATH: .
PATH: /bin
PATH: /sbin
PATH: /usr/bin
PATH: /usr/sbin
PATH: /usr/local/bin
PATH: /home/olpc/bash
PATH: /home/olpc/python


## ----------- ##
## Core tests. ##
## ----------- ##

configure:1784: checking for a BSD-compatible install
configure:1840: result: /usr/bin/install -c
configure:1851: checking whether build environment is sane
configure:1894: result: yes
configure:1959: checking for gawk
configure:1989: result: no
configure:1959: checking for mawk
configure:1975: found /usr/bin/mawk
configure:1986: result: mawk
configure:1997: checking whether make sets $(MAKE)
configure:2018: result: yes
configure:2252: checking for gcc
configure:2268: found /usr/bin/gcc
configure:2279: result: gcc
configure:2517: checking for C compiler version
configure:2524: gcc --version >&5
gcc (Debian 4.3.2-1) 4.3.2
Copyright (C) 2008 Free Software Foundation, Inc.
This is free software; see the source for copying conditions.  There is NO
warranty; not even for MERCHANTABILITY or FITNESS FOR A PARTICULAR PURPOSE.

configure:2527: $? = 0
configure:2534: gcc -v >&5
Using built-in specs.
Target: i486-linux-gnu
Configured with: ../src/configure -v --with-pkgversion='Debian 4.3.2-1' --with-bugurl=file:///usr/share/doc/gcc-4.3/README.Bugs --enable-languages=c,c++,fortran,objc,obj-c++ --prefix=/usr --enable-shared --with-system-zlib --libexecdir=/usr/lib --without-included-gettext --enable-threads=posix --enable-nls --with-gxx-include-dir=/usr/include/c++/4.3 --program-suffix=-4.3 --enable-clocale=gnu --enable-libstdcxx-debug --enable-objc-gc --enable-mpfr --enable-targets=all --enable-cld --enable-checking=release --build=i486-linux-gnu --host=i486-linux-gnu --target=i486-linux-gnu
Thread model: posix
gcc version 4.3.2 (Debian 4.3.2-1) 
configure:2537: $? = 0
configure:2544: gcc -V >&5
gcc: '-V' option must have argument
configure:2547: $? = 1
configure:2570: checking for C compiler default output file name
configure:2597: gcc    conftest.c  >&5
configure:2600: $? = 0
configure:2638: result: a.out
configure:2655: checking whether the C compiler works
configure:2665: ./a.out
configure:2668: $? = 0
configure:2685: result: yes
configure:2692: checking whether we are cross compiling
configure:2694: result: no
configure:2697: checking for suffix of executables
configure:2704: gcc -o conftest    conftest.c  >&5
configure:2707: $? = 0
configure:2731: result: 
configure:2737: checking for suffix of object files
configure:2763: gcc -c   conftest.c >&5
configure:2766: $? = 0
configure:2789: result: o
configure:2793: checking whether we are using the GNU C compiler
configure:2822: gcc -c   conftest.c >&5
configure:2828: $? = 0
configure:2845: result: yes
configure:2850: checking whether gcc accepts -g
configure:2880: gcc -c -g  conftest.c >&5
configure:2886: $? = 0
configure:2985: result: yes
configure:3002: checking for gcc option to accept ISO C89
configure:3076: gcc  -c -g -O2  conftest.c >&5
configure:3082: $? = 0
configure:3105: result: none needed
configure:3134: checking for style of include used by make
configure:3162: result: GNU
configure:3190: checking dependency style of gcc
configure:3280: result: gcc3
configure:3310: checking how to run the C preprocessor
configure:3350: gcc -E  conftest.c
configure:3356: $? = 0
configure:3387: gcc -E  conftest.c
conftest.c:11:28: error: ac_nonexistent.h: No such file or directory
configure:3393: $? = 1
configure: failed program was:
| /* confdefs.h.  */
| #define PACKAGE_NAME ""
| #define PACKAGE_TARNAME ""
| #define PACKAGE_VERSION ""
| #define PACKAGE_STRING ""
| #define PACKAGE_BUGREPORT ""
| #define PACKAGE "stalonetray"
| #define VERSION "0.7.6"
| #define _GNU_SOURCE 1
| /* end confdefs.h.  */
| #include <ac_nonexistent.h>
configure:3426: result: gcc -E
configure:3455: gcc -E  conftest.c
configure:3461: $? = 0
configure:3492: gcc -E  conftest.c
conftest.c:11:28: error: ac_nonexistent.h: No such file or directory
configure:3498: $? = 1
configure: failed program was:
| /* confdefs.h.  */
| #define PACKAGE_NAME ""
| #define PACKAGE_TARNAME ""
| #define PACKAGE_VERSION ""
| #define PACKAGE_STRING ""
| #define PACKAGE_BUGREPORT ""
| #define PACKAGE "stalonetray"
| #define VERSION "0.7.6"
| #define _GNU_SOURCE 1
| /* end confdefs.h.  */
| #include <ac_nonexistent.h>
configure:3536: checking for grep that handles long lines and -e
configure:3610: result: /bin/grep
configure:3615: checking for egrep
configure:3693: result: /bin/grep -E
configure:3698: checking for ANSI C header files
configure:3728: gcc -c -g -O2  conftest.c >&5
configure:3734: $? = 0
configure:3833: gcc -o conftest -g -O2   conftest.c  >&5
configure:3836: $? = 0
configure:3842: ./conftest
configure:3845: $? = 0
configure:3862: result: yes
configure:3886: checking for sys/types.h
configure:3907: gcc -c -g -O2  conftest.c >&5
configure:3913: $? = 0
configure:3929: result: yes
configure:3886: checking for sys/stat.h
configure:3907: gcc -c -g -O2  conftest.c >&5
configure:3913: $? = 0
configure:3929: result: yes
configure:3886: checking for stdlib.h
configure:3907: gcc -c -g -O2  conftest.c >&5
configure:3913: $? = 0
configure:3929: result: yes
configure:3886: checking for string.h
configure:3907: gcc -c -g -O2  conftest.c >&5
configure:3913: $? = 0
configure:3929: result: yes
configure:3886: checking for memory.h
configure:3907: gcc -c -g -O2  conftest.c >&5
configure:3913: $? = 0
configure:3929: result: yes
configure:3886: checking for strings.h
configure:3907: gcc -c -g -O2  conftest.c >&5
configure:3913: $? = 0
configure:3929: result: yes
configure:3886: checking for inttypes.h
configure:3907: gcc -c -g -O2  conftest.c >&5
configure:3913: $? = 0
configure:3929: result: yes
configure:3886: checking for stdint.h
configure:3907: gcc -c -g -O2  conftest.c >&5
configure:3913: $? = 0
configure:3929: result: yes
configure:3886: checking for unistd.h
configure:3907: gcc -c -g -O2  conftest.c >&5
configure:3913: $? = 0
configure:3929: result: yes
configure:3956: checking ctype.h usability
configure:3973: gcc -c -g -O2  conftest.c >&5
configure:3979: $? = 0
configure:3993: result: yes
configure:3997: checking ctype.h presence
configure:4012: gcc -E  conftest.c
configure:4018: $? = 0
configure:4032: result: yes
configure:4060: checking for ctype.h
configure:4068: result: yes
configure:4102: checking errno.h usability
configure:4119: gcc -c -g -O2  conftest.c >&5
configure:4125: $? = 0
configure:4139: result: yes
configure:4143: checking errno.h presence
configure:4158: gcc -E  conftest.c
configure:4164: $? = 0
configure:4178: result: yes
configure:4206: checking for errno.h
configure:4214: result: yes
configure:4248: checking signal.h usability
configure:4265: gcc -c -g -O2  conftest.c >&5
configure:4271: $? = 0
configure:4285: result: yes
configure:4289: checking signal.h presence
configure:4304: gcc -E  conftest.c
configure:4310: $? = 0
configure:4324: result: yes
configure:4352: checking for signal.h
configure:4360: result: yes
configure:4394: checking stdio.h usability
configure:4411: gcc -c -g -O2  conftest.c >&5
configure:4417: $? = 0
configure:4431: result: yes
configure:4435: checking stdio.h presence
configure:4450: gcc -E  conftest.c
configure:4456: $? = 0
configure:4470: result: yes
configure:4498: checking for stdio.h
configure:4506: result: yes
configure:4530: checking for stdlib.h
configure:4536: result: yes
configure:4676: checking for string.h
configure:4682: result: yes
configure:4832: checking time.h usability
configure:4849: gcc -c -g -O2  conftest.c >&5
configure:4855: $? = 0
configure:4869: result: yes
configure:4873: checking time.h presence
configure:4888: gcc -E  conftest.c
configure:4894: $? = 0
configure:4908: result: yes
configure:4936: checking for time.h
configure:4944: result: yes
configure:4968: checking for unistd.h
configure:4974: result: yes
configure:5124: checking libgen.h usability
configure:5141: gcc -c -g -O2  conftest.c >&5
configure:5147: $? = 0
configure:5161: result: yes
configure:5165: checking libgen.h presence
configure:5180: gcc -E  conftest.c
configure:5186: $? = 0
configure:5200: result: yes
configure:5228: checking for libgen.h
configure:5236: result: yes
configure:5279: gcc -o conftest -g -O2   conftest.c  >&5
configure:5285: $? = 0
configure:5364: checking for X
configure:5534: gcc -o conftest -g -O2   conftest.c -lX11  >&5
configure:5540: $? = 0
configure:5599: result: libraries , headers 
configure:5760: gcc -o conftest -g -O2   conftest.c   -lX11 >&5
configure:5766: $? = 0
configure:5923: checking for gethostbyname
configure:5979: gcc -o conftest -g -O2   conftest.c  >&5
configure:5985: $? = 0
configure:6002: result: yes
configure:6147: checking for connect
configure:6203: gcc -o conftest -g -O2   conftest.c  >&5
configure:6209: $? = 0
configure:6226: result: yes
configure:6298: checking for remove
configure:6354: gcc -o conftest -g -O2   conftest.c  >&5
configure:6360: $? = 0
configure:6377: result: yes
configure:6449: checking for shmat
configure:6505: gcc -o conftest -g -O2   conftest.c  >&5
configure:6511: $? = 0
configure:6528: result: yes
configure:6609: checking for IceConnectionNumber in -lICE
configure:6644: gcc -o conftest -g -O2   conftest.c -lICE   >&5
configure:6650: $? = 0
configure:6668: result: yes
configure:6693: checking for XpmReadFileToPixmap in -lXpm
configure:6728: gcc -o conftest -g -O2   conftest.c -lXpm   >&5
/usr/bin/ld: cannot find -lXpm
collect2: ld returned 1 exit status
configure:6734: $? = 1
configure: failed program was:
| /* confdefs.h.  */
| #define PACKAGE_NAME ""
| #define PACKAGE_TARNAME ""
| #define PACKAGE_VERSION ""
| #define PACKAGE_STRING ""
| #define PACKAGE_BUGREPORT ""
| #define PACKAGE "stalonetray"
| #define VERSION "0.7.6"
| #define _GNU_SOURCE 1
| #define STDC_HEADERS 1
| #define HAVE_SYS_TYPES_H 1
| #define HAVE_SYS_STAT_H 1
| #define HAVE_STDLIB_H 1
| #define HAVE_STRING_H 1
| #define HAVE_MEMORY_H 1
| #define HAVE_STRINGS_H 1
| #define HAVE_INTTYPES_H 1
| #define HAVE_STDINT_H 1
| #define HAVE_UNISTD_H 1
| #define HAVE_CTYPE_H 1
| #define HAVE_ERRNO_H 1
| #define HAVE_SIGNAL_H 1
| #define HAVE_STDIO_H 1
| #define HAVE_STDLIB_H 1
| #define HAVE_STRING_H 1
| #define HAVE_TIME_H 1
| #define HAVE_UNISTD_H 1
| #define HAVE_LIBGEN_H 1
| #define HAVE_BACKTRACE 1
| /* end confdefs.h.  */
| 
| /* Override any GCC internal prototype to avoid an error.
|    Use char because int might match the return type of a GCC
|    builtin and then its argument prototype would still apply.  */
| #ifdef __cplusplus
| extern "C"
| #endif
| char XpmReadFileToPixmap ();
| int
| main ()
| {
| return XpmReadFileToPixmap ();
|   ;
|   return 0;
| }
configure:6752: result: no
configure:7001: creating ./config.status

## ---------------------- ##
## Running config.status. ##
## ---------------------- ##

This file was extended by config.status, which was
generated by GNU Autoconf 2.61.  Invocation command line was

  CONFIG_FILES    = 
  CONFIG_HEADERS  = 
  CONFIG_LINKS    = 
  CONFIG_COMMANDS = 
  $ ./config.status 

on debxo-d06ec

config.status:640: creating Makefile
config.status:640: creating src/Makefile
config.status:640: creating src/config.h
config.status:920: executing depfiles commands

## ---------------- ##
## Cache variables. ##
## ---------------- ##

ac_cv_c_compiler_gnu=yes
ac_cv_debug=yes
ac_cv_dump_win_info=yes
ac_cv_env_CC_set=
ac_cv_env_CC_value=
ac_cv_env_CFLAGS_set=
ac_cv_env_CFLAGS_value=
ac_cv_env_CPPFLAGS_set=
ac_cv_env_CPPFLAGS_value=
ac_cv_env_CPP_set=
ac_cv_env_CPP_value=
ac_cv_env_LDFLAGS_set=
ac_cv_env_LDFLAGS_value=
ac_cv_env_LIBS_set=
ac_cv_env_LIBS_value=
ac_cv_env_XMKMF_set=
ac_cv_env_XMKMF_value=
ac_cv_env_build_alias_set=
ac_cv_env_build_alias_value=
ac_cv_env_host_alias_set=
ac_cv_env_host_alias_value=
ac_cv_env_target_alias_set=
ac_cv_env_target_alias_value=
ac_cv_events_trace=yes
ac_cv_func_connect=yes
ac_cv_func_gethostbyname=yes
ac_cv_func_remove=yes
ac_cv_func_shmat=yes
ac_cv_have_x='have_x=yes	ac_x_includes='\'''\''	ac_x_libraries='\'''\'''
ac_cv_header_ctype_h=yes
ac_cv_header_errno_h=yes
ac_cv_header_inttypes_h=yes
ac_cv_header_libgen_h=yes
ac_cv_header_memory_h=yes
ac_cv_header_signal_h=yes
ac_cv_header_stdc=yes
ac_cv_header_stdint_h=yes
ac_cv_header_stdio_h=yes
ac_cv_header_stdlib_h=yes
ac_cv_header_string_h=yes
ac_cv_header_strings_h=yes
ac_cv_header_sys_stat_h=yes
ac_cv_header_sys_types_h=yes
ac_cv_header_time_h=yes
ac_cv_header_unistd_h=yes
ac_cv_lib_ICE_IceConnectionNumber=yes
ac_cv_lib_Xpm_XpmReadFileToPixmap=no
ac_cv_no_native_kde=yes
ac_cv_objext=o
ac_cv_path_EGREP='/bin/grep -E'
ac_cv_path_GREP=/bin/grep
ac_cv_path_install='/usr/bin/install -c'
ac_cv_prog_AWK=mawk
ac_cv_prog_CPP='gcc -E'
ac_cv_prog_ac_ct_CC=gcc
ac_cv_prog_cc_c89=
ac_cv_prog_cc_g=yes
ac_cv_prog_make_make_set=yes
ac_cv_var_backtrace=yes
ac_cv_xpm_supported=no
am_cv_CC_dependencies_compiler_type=gcc3

## ----------------- ##
## Output variables. ##
## ----------------- ##

ACLOCAL='${SHELL} /usr/local/src/stalonetray-0.7.6/missing --run aclocal-1.9'
AMDEPBACKSLASH='\'
AMDEP_FALSE='#'
AMDEP_TRUE=''
AMTAR='${SHELL} /usr/local/src/stalonetray-0.7.6/missing --run tar'
AUTOCONF='${SHELL} /usr/local/src/stalonetray-0.7.6/missing --run autoconf'
AUTOHEADER='${SHELL} /usr/local/src/stalonetray-0.7.6/missing --run autoheader'
AUTOMAKE='${SHELL} /usr/local/src/stalonetray-0.7.6/missing --run automake-1.9'
AWK='mawk'
CC='gcc'
CCDEPMODE='depmode=gcc3'
CFLAGS='-g -O2 -g -ggdb -pedantic -Wall -fno-strict-aliasing'
CPP='gcc -E'
CPPFLAGS=' -DFEATURE_LIST='\''"XPM:no DEBUG:yes KDE:yes"'\'''
CYGPATH_W='echo'
DEFS='-DHAVE_CONFIG_H'
DEPDIR='.deps'
ECHO_C=''
ECHO_N='-n'
ECHO_T=''
EGREP='/bin/grep -E'
EXEEXT=''
GREP='/bin/grep'
INSTALL_DATA='${INSTALL} -m 644'
INSTALL_PROGRAM='${INSTALL}'
INSTALL_SCRIPT='${INSTALL}'
INSTALL_STRIP_PROGRAM='${SHELL} $(install_sh) -c -s'
LDFLAGS=' -rdynamic'
LIBOBJS=''
LIBS=''
LTLIBOBJS=''
MAKEINFO='${SHELL} /usr/local/src/stalonetray-0.7.6/missing --run makeinfo'
OBJEXT='o'
PACKAGE='stalonetray'
PACKAGE_BUGREPORT=''
PACKAGE_NAME=''
PACKAGE_STRING=''
PACKAGE_TARNAME=''
PACKAGE_VERSION=''
PATH_SEPARATOR=':'
SET_MAKE=''
SHELL='/bin/sh'
STRIP=''
VERSION='0.7.6'
XMKMF=''
X_CFLAGS=''
X_EXTRA_LIBS=''
X_LIBS=''
X_PRE_LIBS=' -lSM -lICE'
ac_ct_CC='gcc'
am__fastdepCC_FALSE='#'
am__fastdepCC_TRUE=''
am__include='include'
am__leading_dot='.'
am__quote=''
am__tar='${AMTAR} chof - "$$tardir"'
am__untar='${AMTAR} xf -'
bindir='${exec_prefix}/bin'
build_alias=''
datadir='${datarootdir}'
datarootdir='${prefix}/share'
docdir='${datarootdir}/doc/${PACKAGE}'
dvidir='${docdir}'
exec_prefix='${prefix}'
host_alias=''
htmldir='${docdir}'
includedir='${prefix}/include'
infodir='${datarootdir}/info'
install_sh='/usr/local/src/stalonetray-0.7.6/install-sh'
kde_tray_support='kde_tray.o'
libdir='${exec_prefix}/lib'
libexecdir='${exec_prefix}/libexec'
localedir='${datarootdir}/locale'
localstatedir='${prefix}/var'
mandir='${datarootdir}/man'
mkdir_p='mkdir -p --'
oldincludedir='/usr/include'
pdfdir='${docdir}'
prefix='/usr/local'
program_transform_name='s,x,x,'
psdir='${docdir}'
sbindir='${exec_prefix}/sbin'
sharedstatedir='${prefix}/com'
sysconfdir='${prefix}/etc'
target_alias=''

## ----------- ##
## confdefs.h. ##
## ----------- ##

#define PACKAGE_NAME ""
#define PACKAGE_TARNAME ""
#define PACKAGE_VERSION ""
#define PACKAGE_STRING ""
#define PACKAGE_BUGREPORT ""
#define PACKAGE "stalonetray"
#define VERSION "0.7.6"
#define _GNU_SOURCE 1
#define STDC_HEADERS 1
#define HAVE_SYS_TYPES_H 1
#define HAVE_SYS_STAT_H 1
#define HAVE_STDLIB_H 1
#define HAVE_STRING_H 1
#define HAVE_MEMORY_H 1
#define HAVE_STRINGS_H 1
#define HAVE_INTTYPES_H 1
#define HAVE_STDINT_H 1
#define HAVE_UNISTD_H 1
#define HAVE_CTYPE_H 1
#define HAVE_ERRNO_H 1
#define HAVE_SIGNAL_H 1
#define HAVE_STDIO_H 1
#define HAVE_STDLIB_H 1
#define HAVE_STRING_H 1
#define HAVE_TIME_H 1
#define HAVE_UNISTD_H 1
#define HAVE_LIBGEN_H 1
#define HAVE_BACKTRACE 1
#define DEBUG 1
#define ENABLE_DUMP_WIN_INFO 1
#define TRACE_EVENTS 1

configure: exit 0
